<?xml version="1.0" encoding="UTF-8"?>
<!-- Generated by org.testng.reporters.JUnitReportReporter -->
<testsuite skipped="0" hostname="SORC-WORK01" name="phantomjs.TestPhantomJS" tests="1" failures="0" timestamp="23 Apr 2018 23:07:35 GMT" time="0.345" errors="0">
  <testcase name="phantomTest" time="0.345" classname="phantomjs.TestPhantomJS"/>
</testsuite> <!-- phantomjs.TestPhantomJS -->
